<?xml version="1.0" encoding="UTF-8"?>
<!-- Generated by org.testng.reporters.JUnitReportReporter -->
<testsuite hostname="LAPTOP-LPM1QBRR" failures="0" tests="1" name="testCases.TestCase_SearchAndOrderProduct" time="6.433" errors="0" timestamp="2022-01-11T23:51:16 EST" skipped="0">
  <testcase classname="testCases.TestCase_SearchAndOrderProduct" name="SearchOrderProduct" time="6.433"/>
  <system-out/>
</testsuite> <!-- testCases.TestCase_SearchAndOrderProduct -->
