<?xml version="1.0" encoding="UTF-8"?>
<!-- Generated by org.testng.reporters.JUnitReportReporter -->
<testsuite hostname="LAPTOP-LPM1QBRR" failures="0" tests="1" name="testCases.TestCase_SearchAndOrderProduct" time="4.394" errors="0" timestamp="2022-01-12T16:20:42 EST" skipped="0">
  <testcase classname="testCases.TestCase_SearchAndOrderProduct" name="SearchOrderProduct" time="4.394"/>
  <system-out/>
</testsuite> <!-- testCases.TestCase_SearchAndOrderProduct -->
