<?xml version="1.0" encoding="UTF-8"?>
<!-- Generated by org.testng.reporters.JUnitReportReporter -->
<testsuite hostname="LAPTOP-LPM1QBRR" failures="0" tests="2" name="testCases.TestScenario_OnlyNewCustomerRegistered" time="10.195" errors="0" timestamp="2022-01-12T21:22:51 EST" skipped="0">
  <testcase classname="testCases.TestScenario_OnlyNewCustomerRegistered" name="newUserRegistration" time="8.141"/>
  <system-out/>
  <testcase classname="testCases.TestScenario_OnlyNewCustomerRegistered" name="existingUserRegistration" time="2.054"/>
  <system-out/>
</testsuite> <!-- testCases.TestScenario_OnlyNewCustomerRegistered -->
