<?xml version="1.0" encoding="UTF-8"?>
<!-- Generated by org.testng.reporters.JUnitReportReporter -->
<testsuite hostname="LAPTOP-LPM1QBRR" failures="0" tests="1" name="testCases.TestScenario_SearchOrderSpecificProduct" time="25.301" errors="0" timestamp="2022-01-12T21:22:51 EST" skipped="0">
  <testcase classname="testCases.TestScenario_SearchOrderSpecificProduct" name="SearchOrderProduct" time="25.301"/>
  <system-out/>
</testsuite> <!-- testCases.TestScenario_SearchOrderSpecificProduct -->
