<?xml version="1.0" encoding="UTF-8"?>
<!-- Generated by org.testng.reporters.JUnitReportReporter -->
<testsuite hostname="LAPTOP-LPM1QBRR" failures="0" tests="2" name="testCases.TestScenario_OnlyNewCustomerRegistered" time="14.328" errors="0" timestamp="2022-01-13T17:23:40 EST" skipped="0">
  <testcase classname="testCases.TestScenario_OnlyNewCustomerRegistered" name="newUserRegistration" time="12.178"/>
  <system-out/>
  <testcase classname="testCases.TestScenario_OnlyNewCustomerRegistered" name="existingUserRegistration" time="2.150"/>
  <system-out/>
</testsuite> <!-- testCases.TestScenario_OnlyNewCustomerRegistered -->
