<?xml version="1.0" encoding="UTF-8"?>
<!-- Generated by org.testng.reporters.JUnitReportReporter -->
<testsuite hostname="LAPTOP-LPM1QBRR" failures="0" tests="3" name="testCases.TestScenario_PriceDisplayedSelectedCurrency" time="8.050" errors="0" timestamp="2022-01-12T21:22:51 EST" skipped="0">
  <testcase classname="testCases.TestScenario_PriceDisplayedSelectedCurrency" name="DefaultCurrencyDisplayed" time="0.587"/>
  <system-out/>
  <testcase classname="testCases.TestScenario_PriceDisplayedSelectedCurrency" name="EuroCurrencyDisplayed" time="5.846"/>
  <system-out/>
  <testcase classname="testCases.TestScenario_PriceDisplayedSelectedCurrency" name="PoundCurrencyDisplayed" time="1.617"/>
  <system-out/>
</testsuite> <!-- testCases.TestScenario_PriceDisplayedSelectedCurrency -->
