<?xml version="1.0" encoding="UTF-8"?>
<!-- Generated by org.testng.reporters.JUnitReportReporter -->
<testsuite hostname="LAPTOP-LPM1QBRR" failures="0" tests="3" name="testCases.TestScenario_PriceDisplayedSelectedCurrency" time="6.126" errors="0" timestamp="2022-01-13T17:23:40 EST" skipped="0">
  <testcase classname="testCases.TestScenario_PriceDisplayedSelectedCurrency" name="DefaultCurrencyDisplayed" time="0.526"/>
  <system-out/>
  <testcase classname="testCases.TestScenario_PriceDisplayedSelectedCurrency" name="EuroCurrencyDisplayed" time="1.319"/>
  <system-out/>
  <testcase classname="testCases.TestScenario_PriceDisplayedSelectedCurrency" name="PoundCurrencyDisplayed" time="4.281"/>
  <system-out/>
</testsuite> <!-- testCases.TestScenario_PriceDisplayedSelectedCurrency -->
