<?xml version="1.0" encoding="UTF-8"?>
<!-- Generated by org.testng.reporters.JUnitReportReporter -->
<testsuite hostname="LAPTOP-LPM1QBRR" failures="0" tests="1" name="testCases.TestCase_NewCustomer" time="25.910" errors="0" timestamp="2022-01-11T23:51:16 EST" skipped="0">
  <testcase classname="testCases.TestCase_NewCustomer" name="testAccountRegistration" time="25.910"/>
  <system-out/>
</testsuite> <!-- testCases.TestCase_NewCustomer -->
